<?xml version="1.0" encoding="UTF-8"?>
<!-- Generated by org.testng.reporters.JUnitReportReporter -->
<testsuite skipped="0" hostname="RiteshHarshitha" name="com.dec.qa.testdata.AadhaarDetailsPageTest" tests="4" failures="0" timestamp="29 Jun 2018 11:40:23 GMT" time="0.630" errors="0">
  <testcase name="headerValueTest" time="0.055" classname="com.dec.qa.testdata.AadhaarDetailsPageTest"/>
  <testcase name="panFormatTest" time="0.203" classname="com.dec.qa.testdata.AadhaarDetailsPageTest"/>
  <testcase name="aadhaarFormatTest" time="0.186" classname="com.dec.qa.testdata.AadhaarDetailsPageTest"/>
  <testcase name="nextButtonClickTest" time="0.186" classname="com.dec.qa.testdata.AadhaarDetailsPageTest"/>
</testsuite> <!-- com.dec.qa.testdata.AadhaarDetailsPageTest -->
