<?xml version="1.0" encoding="UTF-8"?>
<!-- Generated by org.testng.reporters.JUnitReportReporter -->
<testsuite skipped="0" hostname="RiteshHarshitha" name="com.dec.qa.testdata.LoginPageTest" tests="2" failures="0" timestamp="28 Jun 2018 06:17:43 GMT" time="1.919" errors="0">
  <testcase name="signInLinkCheck" time="1.184" classname="com.dec.qa.testdata.LoginPageTest"/>
  <testcase name="signInTest" time="0.735" classname="com.dec.qa.testdata.LoginPageTest"/>
</testsuite> <!-- com.dec.qa.testdata.LoginPageTest -->
