<?xml version="1.0" encoding="UTF-8"?>
<!-- Generated by org.testng.reporters.JUnitReportReporter -->
<testsuite skipped="0" hostname="RiteshHarshitha" name="com.dec.qa.testdata.SignupPageTest" tests="4" failures="0" timestamp="28 Jun 2018 05:13:42 GMT" time="1.144" errors="0">
  <testcase name="loginPageTitleTest" time="0.017" classname="com.dec.qa.testdata.SignupPageTest"/>
  <testcase name="decLogoImageTest" time="0.033" classname="com.dec.qa.testdata.SignupPageTest"/>
  <testcase name="applyNowLinkTest" time="0.367" classname="com.dec.qa.testdata.SignupPageTest"/>
  <testcase name="loginTest" time="0.727" classname="com.dec.qa.testdata.SignupPageTest"/>
</testsuite> <!-- com.dec.qa.testdata.SignupPageTest -->
